Determining if the pthread_create exist failed with the following output:
Change Dir: /net/t/abenlahcen/Desktop/Pg_reseaux/build/CMakeFiles/CMakeTmp

Run Build Command:/usr/bin/gmake "cmTryCompileExec57724832/fast"
/usr/bin/gmake -f CMakeFiles/cmTryCompileExec57724832.dir/build.make CMakeFiles/cmTryCompileExec57724832.dir/build
gmake[1] : on entre dans le répertoire « /net/t/abenlahcen/Desktop/Pg_reseaux/build/CMakeFiles/CMakeTmp »
/usr/bin/cmake -E cmake_progress_report /net/t/abenlahcen/Desktop/Pg_reseaux/build/CMakeFiles/CMakeTmp/CMakeFiles 1
Building C object CMakeFiles/cmTryCompileExec57724832.dir/CheckSymbolExists.c.o
/usr/bin/cc    -o CMakeFiles/cmTryCompileExec57724832.dir/CheckSymbolExists.c.o   -c /net/t/abenlahcen/Desktop/Pg_reseaux/build/CMakeFiles/CMakeTmp/CheckSymbolExists.c
Linking C executable cmTryCompileExec57724832
/usr/bin/cmake -E cmake_link_script CMakeFiles/cmTryCompileExec57724832.dir/link.txt --verbose=1
/usr/bin/cc       CMakeFiles/cmTryCompileExec57724832.dir/CheckSymbolExists.c.o  -o cmTryCompileExec57724832 -rdynamic 
CMakeFiles/cmTryCompileExec57724832.dir/CheckSymbolExists.c.o: dans la fonction « main »:
CheckSymbolExists.c:(.text+0x16): référence indéfinie vers « pthread_create »
collect2: erreur: ld a retourné 1 code d'état d'exécution
gmake[1]: *** [cmTryCompileExec57724832] Erreur 1
gmake[1] : on quitte le répertoire « /net/t/abenlahcen/Desktop/Pg_reseaux/build/CMakeFiles/CMakeTmp »
gmake: *** [cmTryCompileExec57724832/fast] Erreur 2

File /net/t/abenlahcen/Desktop/Pg_reseaux/build/CMakeFiles/CMakeTmp/CheckSymbolExists.c:
/* */
#include <pthread.h>

int main(int argc, char** argv)
{
  (void)argv;
#ifndef pthread_create
  return ((int*)(&pthread_create))[argc];
#else
  (void)argc;
  return 0;
#endif
}

Determining if the function pthread_create exists in the pthreads failed with the following output:
Change Dir: /net/t/abenlahcen/Desktop/Pg_reseaux/build/CMakeFiles/CMakeTmp

Run Build Command:/usr/bin/gmake "cmTryCompileExec2373675826/fast"
/usr/bin/gmake -f CMakeFiles/cmTryCompileExec2373675826.dir/build.make CMakeFiles/cmTryCompileExec2373675826.dir/build
gmake[1] : on entre dans le répertoire « /net/t/abenlahcen/Desktop/Pg_reseaux/build/CMakeFiles/CMakeTmp »
/usr/bin/cmake -E cmake_progress_report /net/t/abenlahcen/Desktop/Pg_reseaux/build/CMakeFiles/CMakeTmp/CMakeFiles 1
Building C object CMakeFiles/cmTryCompileExec2373675826.dir/CheckFunctionExists.c.o
/usr/bin/cc   -DCHECK_FUNCTION_EXISTS=pthread_create   -o CMakeFiles/cmTryCompileExec2373675826.dir/CheckFunctionExists.c.o   -c /usr/share/cmake/Modules/CheckFunctionExists.c
Linking C executable cmTryCompileExec2373675826
/usr/bin/cmake -E cmake_link_script CMakeFiles/cmTryCompileExec2373675826.dir/link.txt --verbose=1
/usr/bin/cc   -DCHECK_FUNCTION_EXISTS=pthread_create    CMakeFiles/cmTryCompileExec2373675826.dir/CheckFunctionExists.c.o  -o cmTryCompileExec2373675826 -rdynamic -lpthreads 
/usr/bin/ld: ne peut trouver -lpthreads
collect2: erreur: ld a retourné 1 code d'état d'exécution
gmake[1]: *** [cmTryCompileExec2373675826] Erreur 1
gmake[1] : on quitte le répertoire « /net/t/abenlahcen/Desktop/Pg_reseaux/build/CMakeFiles/CMakeTmp »
gmake: *** [cmTryCompileExec2373675826/fast] Erreur 2


